Arguments: 
  /usr/local/bin/node /Users/manuelopez/.yarn/bin/yarn.js add -D typescrupt

PATH: 
  /Users/manuelopez/.yarn/bin:/Users/manuelopez/.config/yarn/global/node_modules/.bin:/opt/homebrew/bin:/usr/local/bin:/usr/bin:/bin:/usr/sbin:/sbin:/usr/local/go/bin:/Library/Apple/usr/bin:/Users/manuelopez/.yarn/bin:/Users/manuelopez/.config/yarn/global/node_modules/.bin:/opt/homebrew/bin

Yarn version: 
  1.22.18

Node version: 
  16.13.2

Platform: 
  darwin arm64

Trace: 
  Error: https://registry.yarnpkg.com/typescrupt: Not found
      at Request.params.callback [as _callback] (/Users/manuelopez/.yarn/lib/cli.js:66138:18)
      at Request.self.callback (/Users/manuelopez/.yarn/lib/cli.js:140883:22)
      at Request.emit (node:events:390:28)
      at Request.<anonymous> (/Users/manuelopez/.yarn/lib/cli.js:141855:10)
      at Request.emit (node:events:390:28)
      at IncomingMessage.<anonymous> (/Users/manuelopez/.yarn/lib/cli.js:141777:12)
      at Object.onceWrapper (node:events:509:28)
      at IncomingMessage.emit (node:events:402:35)
      at endReadableNT (node:internal/streams/readable:1343:12)
      at processTicksAndRejections (node:internal/process/task_queues:83:21)

npm manifest: 
  {
    "name": "surreal",
    "version": "1.0.0",
    "main": "index.js",
    "license": "MIT"
  }

yarn manifest: 
  No manifest

Lockfile: 
  No lockfile
